#
#
#
#
#
#    Don't try viewing this report without a plog-converter utility!!!
#
#    plog-converter -a GA:1,2 -t tasklist -o report.tasks /path/to/this/file.log
#
#    A link to the documentation: https://pvs-studio.com/en/docs/manual/0036/
#
#
#
#
#
d99cf3ba-6fcd-43f9-9260-1179fa3a9bed
dR'8_uR%Rr[GVRER'haa@->uR%Rcka->o ;)RY=))>F-=sc.-:u%cY_c6-O))>)REc_-=s>UPuEc_-=s=-:u^nRER']uR%VJXER U2=u$2UaPR% U2=uER2uvu2R%*ERPu==UjuR%R1>'8aau'oc 8aPUo}c{8>=-_uac'Lu's->jcoLucoL-a_cU'ohU2cUajhPu>oc8 coLucNka->o Nc h>'o-8>}c,Luc.1HQ<Fc->oujuacofkucUajhPu>oc-=cu/ku'ou_}RER>u/o@->uR%Rcka->o ;)RQUPuccccccccccccccccccccccccccccpcccccccccccc.-:uc;O^pccccccCu=uavu_c;6-O^))>)R^nRERk8=-o-8>=R%!dR -2uR%R(a88o(O88o28U_ua(O6T.(9P =}'RER2->u=R%!J*X"B"ER=U=o1_R%R{<C,wT1?bGw{RB
dR'8_uR%Rr[GVRER'haa@->uR%Rcccka->o ;)RYw*J=cYJS22_cYJS22_))>)REcu>oaf}T-2uQUPuEcu>oaf}T-2u.-:uEc;u>oaf}Cu=uavu_O28's=+J^^nRER']uR%VJXER U2=u$2UaPR% U2=uER2uvu2R%*ERPu==UjuR%R1>'8aau'oc 8aPUo}c{8>=-_uac'Lu's->jcoLucoL-a_cU'ohU2cUajhPu>oc8 coLucNka->o Nc h>'o-8>}c,Luc.1HQ<Fc->oujuacofkucUajhPu>oc-=cu/ku'ou_}RER>u/o@->uR%RccBRERk8=-o-8>=R%!dR -2uR%R(a88o(O88o28U_ua(O6T.(9P =}'RER2->u=R%!J[b"B"ERkauv@->uR%RccdRER=U=o1_R%R{<C,wT1?bGw{RB
dR'8_uR%Rr[GVRER'haa@->uR%Rcccka->o ;)RYw*J=cYJS22_cYJS22_))>)REcu>oaf}T-2uQUPuEcu>oaf}T-2u.-:uEc;u>oaf}Cu=uavu_O28's=+J^^nRER']uR%VJXER U2=u$2UaPR% U2=uER2uvu2R%*ERPu==UjuR%R1>'8aau'oc 8aPUo}c{8>=-_uac'Lu's->jcoLuc 8haoLcU'ohU2cUajhPu>oc8 coLucNka->o Nc h>'o-8>}c,Luc.1HQ<Fc->oujuacofkucUajhPu>oc-=cu/ku'ou_}RER>u/o@->uR%RccBRERk8=-o-8>=R%!dR -2uR%R(a88o(O88o28U_ua(O6T.(9P =}'RER2->u=R%!J[b"B"ERkauv@->uR%RccdRER=U=o1_R%R{<C,wT1?bGw{RB
dR'8_uR%Rr[XbRER'haa@->uR%Rccc- c;_-=s.-:uc+cxSJbc3c_-=s.-:uc^c((c6Usuc=hauc]uc_8>Noc8vua 28]RER']uR%bXSER U2=u$2UaPR% U2=uER2uvu2R%*ERPu==UjuR%R,LucN_-=s.-:uNcvU2huc-=ckau=u>oc8>c98oLc=-_u=c8 coLucN3Nc8kuaUo8a}c,Lucu/kau==-8>c-=c->'8aau'oc8ac-oc'U>c9uc=-Pk2- -u_}RER>u/o@->uR%RcccdRERk8=-o-8>=R%!dR -2uR%R(a88o(O88o28U_ua(O6T.(9P =}'RER2->u=R%!*Vi"B"ERkauv@->uR%RccdRB
dR'8_uR%Rr[GVRER'haa@->uR%Rcccka->o ;)R<aa8a%cg>U92uco8c8ku>cY=c -2ucNY=N))>)REc988oT-2u,fkuEc988o^nRER']uR%VXGER U2=u$2UaPR% U2=uER2uvu2R%*ERPu==UjuR%R1>'8aau'oc 8aPUo}c{8>=-_uac'Lu's->jcoLuc=u'8>_cU'ohU2cUajhPu>oc8 coLucNka->o Nc h>'o-8>}cg>_uac'uaoU->c'8>_-o-8>=coLuck8->ouac'U>c9uc>h22}RER>u/o@->uR%RcccauocmcxnRERk8=-o-8>=R%!dR -2uR%R(a88o(O88o28U_ua(O6T.(9P =}'RER2->u=R%!bSX"B"ERkauv@->uR%RccdRER=U=o1_R%R{<C,wF{@xxw{RB
dR'8_uR%Rr[G[RER'haa@->uR%RccPuP=uo;9h  uaEcSEc9h  ua.-:u^nRER']uR%VJXER U2=u$2UaPR% U2=uER2uvu2R%*ERPu==UjuR%R,Luck8ou>o-U2c>h22ck8->ouac-=ckU==u_c->o8cNPuP=uoNc h>'o-8>}c1>=ku'ocoLuc -a=ocUajhPu>o}RER>u/o@->uR%Rcc]a-ou.-:ucmcSnRERk8=-o-8>=R%!dR -2uR%R(a88o(O88o28U_ua(O6T.(9P =}'RER2->u=R%!b[J"B"ERkauv@->uR%Rcc_8h92uckua'u>onRER=U=o1_R%R{<C,w<M\*Gw{RB
dR'8_uR%Rr[G[RER'haa@->uR%Rccau]->_;_-=s^nRER']uR%VJXER U2=u$2UaPR% U2=uER2uvu2R%*ERPu==UjuR%R,Luck8ou>o-U2c>h22ck8->ouac-=ckU==u_c->o8cNau]->_Nc h>'o-8>}c1>=ku'ocoLuc -a=ocUajhPu>o}RER>u/o@->uR%Rcc 8aPUo;^nRERk8=-o-8>=R%!dR -2uR%R(a88o(O88o28U_ua(O6T.(9P =}'RER2->u=R%!bXJ"B"ERkauv@->uR%RcdRER=U=o1_R%R{<C,w<M\*Gw{RB
dR'8_uR%RrxSSbRER'haa@->uR%Rcccka->o ;)R<aa8a%cTU-2u_co8cauU_c -2ucNY=N))>)REcP9a^nRER']uR%VXGER U2=u$2UaPR% U2=uER2uvu2R%*ERPu==UjuR%R,LucNP9aNck8->ouac]U=ch=u_ch>=U u2fcU ouac-oc]U=cvua- -u_cUjU->=oc>h22koa}c{Lu'sc2->u=%c*iJEc[Sx}RER>u/o@->uR%RcccauocmcxnRERk8=-o-8>=R%!dR -2uR%R(a88o(O88o28U_ua(O6T.(9P =}'RER2->u=R%![SxE*iJ"B"ERkauv@->uR%RccdRER=U=o1_R%R{<C,w<M\*bw{RB
dR'8_uR%Rr[i[RER'haa@->uR%Rcccc- c; uaa8a;_-=s^^RER']uR%bGVER U2=u$2UaPR% U2=uER2uvu2R%xERPu==UjuR%R,LucN_-=sNck8->ouac]U=cho-2-:u_c9u 8auc-oc]U=cvua- -u_cUjU->=oc>h22koa}c{Lu'sc2->u=%c[[JEc[G[}RER>u/o@->uR%RccccdRERk8=-o-8>=R%!dR -2uR%R(a88o(O88o28U_ua(O6T.(9P =}'RER2->u=R%![[JE[G["B"ERkauv@->uR%RcccdRER=U=o1_R%R{<C,w<M\xJw{RB
dR'8_uR%RrxS*JRER'haa@->uR%Rccck<>oafcmc;=oah'ocO6T.<>oafc+^;_-aK'8kfctco->oc+cVb^nc((ck8->o=co8coLuc'haau>oc_-au'o8afcu>oafRER']uR%Xb*ER U2=u$2UaPR% U2=uER2uvu2R%JERPu==UjuR%R,Luck8->ouacN_-aK'8kfNc-=c'U=oco8cUcP8auc=oa-'o2fcU2-j>u_ck8->ouacofku}RER>u/o@->uR%Rccc- c;k<>oafw3T-2uQUPu!S"cmmcS/SS^c((cu>_c8 c_-au'o8afRERk8=-o-8>=R%!dR -2uR%R(a88o(O88o28U_ua(O6T.(9P =}'RER2->u=R%!V*X"B"ERkauv@->uR%RccdRER=U=o1_R%R{<C,w<M\*Vw{RB
dR'8_uR%Rr[GVRER'haa@->uR%Rcccka->o ;)R{U>>8oc'auUouc -2uc8 c=-:ucY22_c6-O}))>)REcPU/=-:u^nRER']uR%VJXER U2=u$2UaPR% U2=uER2uvu2R%*ERPu==UjuR%R1>'8aau'oc 8aPUo}c{8>=-_uac'Lu's->jcoLuc=u'8>_cU'ohU2cUajhPu>oc8 coLucNka->o Nc h>'o-8>}c,Luc.1HQ<Fc->oujuacofkucUajhPu>oc-=cu/ku'ou_}RER>u/o@->uR%Rcccauoha>nRERk8=-o-8>=R%!dR -2uR%R(a88o(O88o28U_ua(O6T.(9P =}'RER2->u=R%!VXi"B"ERkauv@->uR%RccdRER=U=o1_R%R{<C,wT1?bGw{RB
dR'8_uR%RrxS*JRER'haa@->uR%Rcck<>oafcmc;=oah'ocO6T.<>oafc+^;F-au'o8afctc -a=oK auuKu>oafc+cVb^nRER']uR%Xb*ER U2=u$2UaPR% U2=uER2uvu2R%JERPu==UjuR%R,Luck8->ouacNF-au'o8afNc-=c'U=oco8cUcP8auc=oa-'o2fcU2-j>u_ck8->ouacofku}RER>u/o@->uR%Rcck<>oafw3.oUao->jO28'scmc>u]K -2uK=oUaonRERk8=-o-8>=R%!dR -2uR%R(a88o(O88o28U_ua(O6T.(9P =}'RER2->u=R%!Vib"B"ERkauv@->uR%Rcc((c$__c -2ucau'8a_co8cF-au'o8afRER=U=o1_R%R{<C,w<M\*Vw{RB
dR'8_uR%RrxSS*RER'haa@->uR%R|_u ->uc1.K`<e{?F<;'^c;'c3mc<.{$\<K`<ecZZc'cymcTxJK`<e^RER U2=u$2UaPR% U2=uER2uvu2R%*ERPu==UjuR%R,LucPU'a8cN1.K`<e{?F<Nc-=cUc_U>jua8h=cu/kau==-8>}c,LuckUaUPuouacN'NcPh=oc9uc=haa8h>_u_c9fckUau>oLu=u=}RER>u/o@->uR%R|_u ->uc1.K\C1Q,$O@<;'^c;))RERk8=-o-8>=R%!dR -2uR%R(a88o(`ua>u2(_a-vua=(suf98Ua_}'RER2->u=R%!xX"B"B
dR'8_uR%RrSSxRER'haa@->uR%Rcccccccccccc_u Uh2o%RER U2=u$2UaPR% U2=uER2uvu2R%*ERPu==UjuR%R$c'8_uc aUjPu>oc'U>>8oc9ucU>U2f:u_}RER>u/o@->uR%RccccccccBRERk8=-o-8>=R%!dR -2uR%R(a88o(`ua>u2( 8>o=}'RER2->u=R%!xVi"B"ERkauv@->uR%Rcccccccccccccccc9auUsnRB
dR'8_uR%Rr[VVRER'haa@->uR%R=oUo-'cv8-_c+c'8>=oc=Lu2268_h2u$__au==cmc;v8-_c+^S/bSSSSSnRER']uR%[XGER U2=u$2UaPR% U2=uER2uvu2R%*ERPu==UjuR%R,Luc->oujuac'8>=oU>oc-=c'8>vuaou_co8ck8->oua}c\8==-92fcU>cuaa8ac8acUc9U_c'8_->jc=of2u%c;v8-_c+^cS/bSSSSSRER>u/o@->uR%R=oUo-'cv8-_c+c'8>=oc=>Usu68_h2u$__au==cmc;v8-_c+^S/[SSSSSnRERk8=-o-8>=R%!dR -2uR%R(a88o(`ua>u2(sua>u2}'RER2->u=R%!*S"B"ER=U=o1_R%R{<C,w1Q,*Vw{RB
dR'8_uR%Rr[VVRER'haa@->uR%R=oUo-'cv8-_c+c'8>=oc=>Usu68_h2u$__au==cmc;v8-_c+^S/[SSSSSnRER']uR%[XGER U2=u$2UaPR% U2=uER2uvu2R%*ERPu==UjuR%R,Luc->oujuac'8>=oU>oc-=c'8>vuaou_co8ck8->oua}c\8==-92fcU>cuaa8ac8acUc9U_c'8_->jc=of2u%c;v8-_c+^cS/[SSSSSRERk8=-o-8>=R%!dR -2uR%R(a88o(`ua>u2(sua>u2}'RER2->u=R%!*x"B"ERkauv@->uR%R=oUo-'cv8-_c+c'8>=oc=Lu2268_h2u$__au==cmc;v8-_c+^S/bSSSSSnRER=U=o1_R%R{<C,w1Q,*Vw{RB
dR'8_uR%Rr[bGRER'haa@->uR%Rcccccccc- c;k-kuw3'28=u_^cdRER']uR%[GSER U2=u$2UaPR% U2=uER2uvu2R%JERPu==UjuR%R</kau==-8>cNk-kuw3'28=u_Nc-=cU2]Uf=c U2=u}RER>u/o@->uR%Rcccccccccccck8=o;k-kuw3]a-ou.uP^nRERk8=-o-8>=R%!dR -2uR%R(a88o(`ua>u2(k-ku=(k-ku=}'RER2->u=R%!*Si"B"B
dR'8_uR%Rr[JJRER'haa@->uR%Rcccccccc->oc2u>cmc=oa2u>;Uajv!-"^nRER']uR%ViSER U2=u$2UaPR% U2=uER2uvu2R%*ERPu==UjuR%R,LuaucP-jLoc9uc_uau uau>'->jc8 cUck8ou>o-U2c>h22ck8->ouacNUajvN}RER>u/o@->uR%Rccccccccka8'u==w3Uajv!-"cmc;'LUac+^cPf6U228';=-:u8 ;'LUa^c+c;2u>ctcx^^nRERk8=-o-8>=R%!dR -2uR%R(a88o(`ua>u2(ka8'u==u=(ka8'u==}'RER2->u=R%!JG*"B"ERkauv@->uR%Rcccc 8ac;->oc-cmcSnc-cycUaj'nc-tt^cdRER=U=o1_R%R{<C,w6<6[Jw{\\RB
dR'8_uR%RrGiVRER'haa@->uR%Rccccccc-ttnRER']uR%bXbER U2=u$2UaPR% U2=uER2uvu2R%*ERPu==UjuR%R1oc-=ck8==-92ucoLUocN9auUsNc=oUouPu>oc-=cP-==->jc->c=]-o'Lc=oUouPu>o}RER>u/o@->uR%Rcccccc_u Uh2o%RERk8=-o-8>=R%!dR -2uR%R(a88o(g=ua2U>_(.Lu22({8PPU>_=(u'L8}'RER2->u=R%!*["B"ERkauv@->uR%Rcccccc'U=ucN))))N%RER=U=o1_R%R{<C,w6.{xGw{RB
dR'8_uR%RrGGVRER'haa@->uR%Rc]L-2uc;x^cdRER']uR%X*VER U2=u$2UaPR% U2=uER2uvu2R%*ERPu==UjuR%R\8ou>o-U22fc-> ->-ouc288k}RER>u/o@->uR%Rccka->o ;)RIu228c a8Pc\1F%cY_))>)REcjuo\-_;^^nRERk8=-o-8>=R%!dR -2uR%R(a88o(g=ua2U>_(.Lu22({8PPU>_=(288k}'RER2->u=R%!xi"B"B
dR'8_uR%Rr[GVRER'haa@->uR%Rccka->o ;)R))u!Sn*bPY=))u!SP%cY/))>)REcauj-=ouaK>UPu=!-"Ecauj-=oua=!-"^nRER']uR%VJXER U2=u$2UaPR% U2=uER2uvu2R%*ERPu==UjuR%R1>'8aau'oc 8aPUo}c{8>=-_uac'Lu's->jcoLucoL-a_cU'ohU2cUajhPu>oc8 coLucNka->o Nc h>'o-8>}c,Luc->oujuacUajhPu>oc8 c*Jw9-oc=-:uc-=cu/ku'ou_}RER>u/o@->uR%RcBRERk8=-o-8>=R%!dR -2uR%R(a88o(g=ua2U>_(.Lu22({8PPU>_=(auj=}'RER2->u=R%!JV"B"ERkauv@->uR%Rc 8ac;->oc-cmcSnc-cycxXnc-tt^cdRER=U=o1_R%R{<C,wT1?bGw{RB
dR'8_uR%Rr[VVRER'haa@->uR%R=oUo-'cv8-_c+'8>=oc=>Usu68_h2u$__au==cmc;v8-_c+^S/[SSSSSnRER']uR%[XGER U2=u$2UaPR% U2=uER2uvu2R%*ERPu==UjuR%R,Luc->oujuac'8>=oU>oc-=c'8>vuaou_co8ck8->oua}c\8==-92fcU>cuaa8ac8acUc9U_c'8_->jc=of2u%c;v8-_c+^cS/[SSSSSRERk8=-o-8>=R%!dR -2uR%R(a88o(g=ua2U>_(.Lu22({8PPU>_=(=>Usu}'RER2->u=R%!["B"ER=U=o1_R%R{<C,w1Q,*Vw{RB
dR'8_uR%Rr[GVRER'haa@->uR%Rccccka->o ;)Rcc\C?{<..cY_cQ<4c\C1?C1,e%cY_))>)REck-_=!-"Ecka-8!-"^nRER']uR%VJXER U2=u$2UaPR% U2=uER2uvu2R%*ERPu==UjuR%R1>'8aau'oc 8aPUo}c{8>=-_uac'Lu's->jcoLuc=u'8>_cU'ohU2cUajhPu>oc8 coLucNka->o Nc h>'o-8>}c,Luc->oujuacUajhPu>oc8 c*Jw9-oc=-:uc-=cu/ku'ou_}RER>u/o@->uR%RccBRERk8=-o-8>=R%!dR -2uR%R(a88o(g=ua2U>_(.Lu22(ou=o=(ou=oKka-8}'RER2->u=R%![J"B"ERkauv@->uR%Rcccc>-'u;k-_=!-"Ecka-8!-"^nRER=U=o1_R%R{<C,wT1?bGw{RB
dR'8_uR%Rr[GVRER'haa@->uR%Rccccka->o ;)Rcc\C?{<..cY_cQ<4c\C1?C1,e%cY_))>)REck-_=!-"Ecka-8!-"^nRER']uR%VJXER U2=u$2UaPR% U2=uER2uvu2R%*ERPu==UjuR%R1>'8aau'oc 8aPUo}c{8>=-_uac'Lu's->jcoLucoL-a_cU'ohU2cUajhPu>oc8 coLucNka->o Nc h>'o-8>}c,Luc->oujuacUajhPu>oc8 c*Jw9-oc=-:uc-=cu/ku'ou_}RER>u/o@->uR%RccBRERk8=-o-8>=R%!dR -2uR%R(a88o(g=ua2U>_(.Lu22(ou=o=(ou=oKka-8}'RER2->u=R%![J"B"ERkauv@->uR%Rcccc>-'u;k-_=!-"Ecka-8!-"^nRER=U=o1_R%R{<C,wT1?bGw{RB
dR'8_uR%Rr[GVRER'haa@->uR%Rccccka->o ;)Rcc\C?{<..cY_cQ<4c\C1?C1,e%cY_))>)REck-_=!-"Ecka-8!-"^nRER']uR%VJXER U2=u$2UaPR% U2=uER2uvu2R%*ERPu==UjuR%R1>'8aau'oc 8aPUo}c{8>=-_uac'Lu's->jcoLuc=u'8>_cU'ohU2cUajhPu>oc8 coLucNka->o Nc h>'o-8>}c,Luc->oujuacUajhPu>oc8 c*Jw9-oc=-:uc-=cu/ku'ou_}RER>u/o@->uR%RccBRERk8=-o-8>=R%!dR -2uR%R(a88o(g=ua2U>_(.Lu22(ou=o=(ou=oKka-8}'RER2->u=R%!VV"B"ERkauv@->uR%Rcccc>-'u;k-_=!-"Ecka-8!-"^nRER=U=o1_R%R{<C,wT1?bGw{RB
dR'8_uR%Rr[GVRER'haa@->uR%Rccccka->o ;)Rcc\C?{<..cY_cQ<4c\C1?C1,e%cY_))>)REck-_=!-"Ecka-8!-"^nRER']uR%VJXER U2=u$2UaPR% U2=uER2uvu2R%*ERPu==UjuR%R1>'8aau'oc 8aPUo}c{8>=-_uac'Lu's->jcoLucoL-a_cU'ohU2cUajhPu>oc8 coLucNka->o Nc h>'o-8>}c,Luc->oujuacUajhPu>oc8 c*Jw9-oc=-:uc-=cu/ku'ou_}RER>u/o@->uR%RccBRERk8=-o-8>=R%!dR -2uR%R(a88o(g=ua2U>_(.Lu22(ou=o=(ou=oKka-8}'RER2->u=R%!VV"B"ERkauv@->uR%Rcccc>-'u;k-_=!-"Ecka-8!-"^nRER=U=o1_R%R{<C,wT1?bGw{RB
dR'8_uR%Rr[GVRER'haa@->uR%Rccka->o ;)RT->U2cvU2hu%cY_))>)REcj289U2^nRER']uR%VJXER U2=u$2UaPR% U2=uER2uvu2R%*ERPu==UjuR%R1>'8aau'oc 8aPUo}c{8>=-_uac'Lu's->jcoLuc=u'8>_cU'ohU2cUajhPu>oc8 coLucNka->o Nc h>'o-8>}c,Luc->oujuacUajhPu>oc8 c*Jw9-oc=-:uc-=cu/ku'ou_}RERk8=-o-8>=R%!dR -2uR%R(a88o(g=ua2U>_(.Lu22(ou=o=(ou=oK=f>'}'RER2->u=R%!Gi"B"ER=U=o1_R%R{<C,wT1?bGw{RB
dR'8_uR%Rr[GVRER'haa@->uR%Rccccka->o ;)RY_c)REck-_^nRER']uR%VJXER U2=u$2UaPR% U2=uER2uvu2R%*ERPu==UjuR%R1>'8aau'oc 8aPUo}c{8>=-_uac'Lu's->jcoLuc=u'8>_cU'ohU2cUajhPu>oc8 coLucNka->o Nc h>'o-8>}c,Luc->oujuacUajhPu>oc8 c*Jw9-oc=-:uc-=cu/ku'ou_}RER>u/o@->uR%Rcccc9h==fK]U-o;]U-o^nRERk8=-o-8>=R%!dR -2uR%R(a88o(g=ua2U>_(.Lu22(ou=o=(ou=oKho-2}'RER2->u=R%!G*"B"ERkauv@->uR%Rcc]L-2uc;x^cdRER=U=o1_R%R{<C,wT1?bGw{RB
dR'8_uR%RrxSS*RER'haa@->uR%R|_u ->ucr$@1FKF1TT1{g@,e;'^c;'cmmcN<Ncppc'cmmcNuNcppc'cmmcN6Ncppc'cmmcNPNppc'cmmcNINcppc'cmmcNLNcppc'cmmcNFNcppc'cmmcN_N^RER U2=u$2UaPR% U2=uER2uvu2R%*ERPu==UjuR%R,LucPU'a8cNr$@1FKF1TT1{g@,eNc-=cUc_U>jua8h=cu/kau==-8>}c,LuckUaUPuouacN'NcPh=oc9uc=haa8h>_u_c9fckUau>oLu=u=}RERk8=-o-8>=R%!dR -2uR%R(a88o(g=ua2U>_(.>Usu(=>Usu}'RER2->u=R%!xx"B"B
dR'8_uR%RrxSS*RER'haa@->uR%R|_u ->uc6$MKO?FeK.1W<cxSSctc1Q1,1$@KO?FeK.1W<ctcxccc((c=8coLUocoLuc=>UsucuUo=cxSSc 88_=RER U2=u$2UaPR% U2=uER2uvu2R%*ERPu==UjuR%R,LucPU'a8cN6$MKO?FeK.1W<Nc-=cUc_U>jua8h=cu/kau==-8>}c,Lucu/kau==-8>cPh=oc9uc=haa8h>_u_c9fckUau>oLu=u=}RER>u/o@->uR%R|_u ->uc.0g$C<KF16c*JRERk8=-o-8>=R%!dR -2uR%R(a88o(g=ua2U>_(.>Usu(=>Usu}'RER2->u=R%!Jb"B"ERkauv@->uR%R|_u ->uc1Q1,1$@KO?FeK.1W<c*RB
dR'8_uR%RrxS[iRER'haa@->uR%R|_u ->ucU9=;U^c;;U^cycSczcw;U^c%c;U^^RER U2=u$2UaPR% U2=uER2uvu2R%*ERPu==UjuR%R,LucNU9=NcPU'a8c>UPuc8vuaa-_u=cUcau=uavu_c>UPuc a8Pc{c=oU>_Ua_}c,L-=cPUfc2uU_co8ch>_u ->u_c9uLUv-8a}RER>u/o@->uR%R|_u ->uc aU'oJ[V;/^c;;/^cYcJ[V^RERk8=-o-8>=R%!dR -2uR%R(a88o(g=ua2U>_(.>Usu(=>Usu}'RER2->u=R%!VxX"B"ERkauv@->uR%R|_u ->uc'2UPk;/EcP->EcPU/^c;;/^cyc;P->^czc;P->^c%c;;/^c3c;PU/^czc;PU/^c%c;/^^^RER=U=o1_R%R{<C,wF{@[xw{\\RB
dR'8_uR%RrxS[iRER'haa@->uR%R|_u ->uco828]ua;U^c;;U^c3mcN$NcZZc;U^cymcNWNczc;U^ctc;NUNcwcN$N^c%c;U^c^RER U2=u$2UaPR% U2=uER2uvu2R%*ERPu==UjuR%R,LucNo828]uaNcPU'a8c>UPuc8vuaa-_u=cUcau=uavu_c>UPuc a8Pc{c=oU>_Ua_}c,L-=cPUfc2uU_co8ch>_u ->u_c9uLUv-8a}RER>u/o@->uR%R|_u ->uco8hkkua;U^c;;U^c3mcNUNcZZc;U^cymcN:Nczc;U^cwc;NUNcwcN$N^c%c;U^c^RERk8=-o-8>=R%!dR -2uR%R(a88o(g=ua2U>_(->'2h_u(2-9'('ofku}LRER2->u=R%!b"B"ER=U=o1_R%R{<C,wF{@[xw{\\RB
dR'8_uR%RrxS[iRER'haa@->uR%R|_u ->uco8hkkua;U^c;;U^c3mcNUNcZZc;U^cymcN:Nczc;U^cwc;NUNcwcN$N^c%c;U^c^RER U2=u$2UaPR% U2=uER2uvu2R%*ERPu==UjuR%R,LucNo8hkkuaNcPU'a8c>UPuc8vuaa-_u=cUcau=uavu_c>UPuc a8Pc{c=oU>_Ua_}c,L-=cPUfc2uU_co8ch>_u ->u_c9uLUv-8a}RERk8=-o-8>=R%!dR -2uR%R(a88o(g=ua2U>_(->'2h_u(2-9'('ofku}LRER2->u=R%!["B"ERkauv@->uR%R|_u ->uco828]ua;U^c;;U^c3mcN$NcZZc;U^cymcNWNczc;U^ctc;NUNcwcN$N^c%c;U^c^RER=U=o1_R%R{<C,wF{@[xw{\\RB
dR'8_uR%RrVxXRER'haa@->uR%Rccccka->o ;=oa^nRER']uR%x*bER U2=u$2UaPR% U2=uER2uvu2R%JERPu==UjuR%R1oN=c_U>jua8h=co8c'U22coLucNka->o Nc h>'o-8>c->c=h'LcUcPU>>uaEcU=coLuc2->uc9u->jckU==u_c'8h2_c'8>oU->c 8aPUoc=ku'- -'Uo-8>}c,Lucu/UPk2uc8 coLuc=U uc'8_u%cka->o ;)RY=)REc=oa^nRER>u/o@->uR%Rccccka->o ;)R))>)R^nRERk8=-o-8>=R%!dR -2uR%R(a88o(g=ua2U>_(2-9'(=o_-8}'RER2->u=R%!xi"B"ERkauv@->uR%Rv8-_ckho=;'8>=oc'LUac+c=oa^cdRER=U=o1_R%R{<C,wT1?*Sw{RB
dR'8_uR%RrVxXRER'haa@->uR%Rcccccccccccccccc'U=ucN=N%c ka->o ; _EcvUKUaj;Uaj=Ec'LUac+^^nc9auUscnRER']uR%x*bER U2=u$2UaPR% U2=uER2uvu2R%JERPu==UjuR%R1oN=c_U>jua8h=co8c'U22coLucN ka->o Nc h>'o-8>c->c=h'LcUcPU>>uaEcU=coLuc2->uc9u->jckU==u_c'8h2_c'8>oU->c 8aPUoc=ku'- -'Uo-8>}c,Lucu/UPk2uc8 coLuc=U uc'8_u%cka->o ;)RY=)REc=oa^nRER>u/o@->uR%Rcccccccccccccccc'U=ucNYN%c=f=K]a-ou; _Ec)RY)REcx^nc9auUscnRERk8=-o-8>=R%!dR -2uR%R(a88o(g=ua2U>_(2-9'(=o_-8}'RER2->u=R%![S"B"ERkauv@->uR%RccccccccccccccccBRER=U=o1_R%R{<C,wT1?*Sw{RB
dR'8_uR%RrVxXRER'haa@->uR%Rcccc ka->o ;TFK.,F<CCEc=x^nRER']uR%x*bER U2=u$2UaPR% U2=uER2uvu2R%JERPu==UjuR%R1oN=c_U>jua8h=co8c'U22coLucN ka->o Nc h>'o-8>c->c=h'LcUcPU>>uaEcU=coLuc2->uc9u->jckU==u_c'8h2_c'8>oU->c 8aPUoc=ku'- -'Uo-8>}c,Lucu/UPk2uc8 coLuc=U uc'8_u%cka->o ;)RY=)REc=oa^nRER>u/o@->uR%RBRERk8=-o-8>=R%!dR -2uR%R(a88o(g=ua2U>_(2-9'(=o_-8}'RER2->u=R%!xiG"B"ERkauv@->uR%Rv8-_ckuaa8a;'8>=oc'LUac+c=x^cdRER=U=o1_R%R{<C,wT1?*Sw{RB
dR'8_uR%RrVxXRER'haa@->uR%Rcccc ka->o ; _Ec9h  ua^nRER']uR%x*bER U2=u$2UaPR% U2=uER2uvu2R%JERPu==UjuR%R1oN=c_U>jua8h=co8c'U22coLucN ka->o Nc h>'o-8>c->c=h'LcUcPU>>uaEcU=coLuc2->uc9u->jckU==u_c'8h2_c'8>oU->c 8aPUoc=ku'- -'Uo-8>}c,Lucu/UPk2uc8 coLuc=U uc'8_u%cka->o ;)RY=)REc=oa^nRER>u/o@->uR%RBRERk8=-o-8>=R%!dR -2uR%R(a88o(g=ua2U>_(2-9'(=o_-8}'RER2->u=R%!J[*"B"ERkauv@->uR%Rcccch->o,8OU=u;>hPEc9h  uaEc9U=u^nRER=U=o1_R%R{<C,wT1?*Sw{RB
dR'8_uR%RrGiVRER'haa@->uR%Rcccccccccccc=uoK >;S/SSXSXSXS^nRER']uR%bXbER U2=u$2UaPR% U2=uER2uvu2R%*ERPu==UjuR%R1oc-=ck8==-92ucoLUocN9auUsNc=oUouPu>oc-=cP-==->jc->c=]-o'Lc=oUouPu>o}RER>u/o@->uR%Rcccccccc'U=ucix%RERk8=-o-8>=R%!dR -2uR%R(a88o(g=ua2U>_(2-9=f=(U>=-{828a=}'RER2->u=R%!bG"B"ERkauv@->uR%Rcccccccc'U=uciS%RER=U=o1_R%R{<C,w6.{xGw{RB
